<?xml version="1.0" encoding="UTF-8"?>
<!-- Generated by org.testng.reporters.JUnitXMLReporter -->
<testsuite ignored="0" hostname="DESKTOP-O3CNH6A" failures="0" tests="4" name="Test" time="0.114" errors="0" timestamp="2022-11-22T20:23:38 IST">
  <testcase classname="abc.Demo1" name="Test1" time="0.016"/>
  <testcase classname="abc.Demo1" name="Test2" time="0.003"/>
  <testcase classname="abc.Demo2" name="Test3" time="0.005"/>
  <testcase classname="abc.Demo2" name="Test4" time="0.004"/>
</testsuite> <!-- Test -->
